<?xml version="1.0" encoding="UTF-8"?>
<testsuite errors="0" failures="0" hostname="PC023" name="com.buaa.liushuang.ParkingBoyTest" tests="6" time="0.093" timestamp="2012-12-16T05:30:34">
  <properties />
  <testcase classname="com.buaa.liushuang.ParkingBoyTest" name="should_get_same_car_after_parking" time="0.015" />
  <testcase classname="com.buaa.liushuang.ParkingBoyTest" name="should_park_a_car_when_has_two_park_place_and_one_is_full" time="0.0" />
  <testcase classname="com.buaa.liushuang.ParkingBoyTest" name="should_throw_NoSpaceParkingException_when_parking_to_two_full_ParkSpace" time="0.0" />
  <testcase classname="com.buaa.liushuang.ParkingBoyTest" name="should_throw_NoSpaceParkingException_when_parking_to_a_full_ParkSpace" time="0.0" />
  <testcase classname="com.buaa.liushuang.ParkingBoyTest" name="should_parking_in_a_empty_park_place" time="0.0" />
  <testcase classname="com.buaa.liushuang.ParkingBoyTest" name="should_park_a_car_when_has_two_park_place" time="0.0" />
  <system-out><![CDATA[]]></system-out>
  <system-err><![CDATA[]]></system-err>
</testsuite>
