<?xml version="1.0" encoding="UTF-8"?>
<testsuite errors="0" failures="0" hostname="PC023" name="com.buaa.liushuang.PrintParkingInfoTest" tests="3" time="0.0" timestamp="2012-12-16T05:30:34">
  <properties />
  <testcase classname="com.buaa.liushuang.PrintParkingInfoTest" name="should_return_park_place_info" time="0.0" />
  <testcase classname="com.buaa.liushuang.PrintParkingInfoTest" name="should_return_parkingBoy_info" time="0.0" />
  <testcase classname="com.buaa.liushuang.PrintParkingInfoTest" name="should_return_parkingManager_info" time="0.0" />
  <system-out><![CDATA[]]></system-out>
  <system-err><![CDATA[]]></system-err>
</testsuite>
